# JRE version: Java(TM) SE Runtime Environment (25.0.4+7) (build 25.0.4+7-LTS-189)
# Java VM: Java HotSpot(TM) 64-Bit Server VM (25.0.4+7-LTS-189, mixed mode, sharing, tiered, compressed oops, compressed class ptrs, parallel gc, windows-amd64)
GC Precious Log:
 CardTable entry size: 512
 CPUs: 2 total, 2 available
 Memory: 3885M
 Large Page Support: Disabled
 NUMA Support: Disabled
 Compressed Oops: Enabled (32-bit)
 Alignments: Space 512K, Generation 512K, Heap 2M
 Heap Min Capacity: 100M
 Heap Initial Capacity: 100M
 Heap Max Capacity: 2G
 Pre-touch: Disabled
 Parallel Workers: 2
Heap:
 PSYoungGen      total 34304K, used 5760K [0x00000000d5580000, 0x00000000d7b80000, 0x0000000100000000)
  eden space 33792K, 16% used [0x00000000d5580000,0x00000000d5b103b0,0x00000000d7680000)
  from space 512K, 12% used [0x00000000d7b00000,0x00000000d7b10000,0x00000000d7b80000)
  to   space 512K, 0% used [0x00000000d7a80000,0x00000000d7a80000,0x00000000d7b00000)
 ParOldGen       total 95744K, used 95297K [0x0000000080000000, 0x0000000085d80000, 0x00000000d5580000)
  object space 95744K, 99% used [0x0000000080000000,0x0000000085d10738,0x0000000085d80000)
GC Heap Usage History (20 events):
Event: 549.971 {heap Before GC invocations=72 (full 3):
 PSYoungGen      total 32768K, used 32368K [0x00000000d5580000, 0x00000000d7680000, 0x0000000100000000)
  eden space 31744K, 100% used [0x00000000d5580000,0x00000000d7480000,0x00000000d7480000)
  from space 1024K, 60% used [0x00000000d7580000,0x00000000d761c050,0x00000000d7680000)
  to   space 1024K, 0% used [0x00000000d7480000,0x00000000d7480000,0x00000000d7580000)
 ParOldGen       total 81408K, used 81030K [0x0000000080000000, 0x0000000084f80000, 0x00000000d5580000)
  object space 81408K, 99% used [0x0000000080000000,0x0000000084f218e8,0x0000000084f80000)
}
Event: 549.977 {heap After GC invocations=72 (full 3):
 PSYoungGen      total 32256K, used 998K [0x00000000d5580000, 0x00000000d7b00000, 0x0000000100000000)
  eden space 31232K, 0% used [0x00000000d5580000,0x00000000d5580000,0x00000000d7400000)
  from space 1024K, 97% used [0x00000000d7480000,0x00000000d7579908,0x00000000d7580000)
  to   space 3584K, 0% used [0x00000000d7780000,0x00000000d7780000,0x00000000d7b00000)
 ParOldGen       total 83456K, used 83081K [0x0000000080000000, 0x0000000085180000, 0x00000000d5580000)
  object space 83456K, 99% used [0x0000000080000000,0x0000000085122680,0x0000000085180000)
}
Event: 551.104 {heap Before GC invocations=73 (full 3):
 PSYoungGen      total 32256K, used 32230K [0x00000000d5580000, 0x00000000d7b00000, 0x0000000100000000)
  eden space 31232K, 100% used [0x00000000d5580000,0x00000000d7400000,0x00000000d7400000)
  from space 1024K, 97% used [0x00000000d7480000,0x00000000d7579908,0x00000000d7580000)
  to   space 3584K, 0% used [0x00000000d7780000,0x00000000d7780000,0x00000000d7b00000)
 ParOldGen       total 83456K, used 83081K [0x0000000080000000, 0x0000000085180000, 0x00000000d5580000)
  object space 83456K, 99% used [0x0000000080000000,0x0000000085122680,0x0000000085180000)
}
Event: 551.108 {heap After GC invocations=73 (full 3):
 PSYoungGen      total 32768K, used 480K [0x00000000d5580000, 0x00000000d7800000, 0x0000000100000000)
  eden space 32256K, 0% used [0x00000000d5580000,0x00000000d5580000,0x00000000d7500000)
  from space 512K, 93% used [0x00000000d7780000,0x00000000d77f8020,0x00000000d7800000)
  to   space 1536K, 0% used [0x00000000d7500000,0x00000000d7500000,0x00000000d7680000)
 ParOldGen       total 83456K, used 83105K [0x0000000080000000, 0x0000000085180000, 0x00000000d5580000)
  object space 83456K, 99% used [0x0000000080000000,0x0000000085128680,0x0000000085180000)
}
Event: 566.824 {heap Before GC invocations=74 (full 3):
 PSYoungGen      total 32768K, used 32488K [0x00000000d5580000, 0x00000000d7800000, 0x0000000100000000)
  eden space 32256K, 99% used [0x00000000d5580000,0x00000000d74c2148,0x00000000d7500000)
  from space 512K, 93% used [0x00000000d7780000,0x00000000d77f8020,0x00000000d7800000)
  to   space 1536K, 0% used [0x00000000d7500000,0x00000000d7500000,0x00000000d7680000)
 ParOldGen       total 83456K, used 83105K [0x0000000080000000, 0x0000000085180000, 0x00000000d5580000)
  object space 83456K, 99% used [0x0000000080000000,0x0000000085128680,0x0000000085180000)
}
Event: 566.847 {heap After GC invocations=74 (full 3):
 PSYoungGen      total 33280K, used 1507K [0x00000000d5580000, 0x00000000d8680000, 0x0000000100000000)
  eden space 31744K, 0% used [0x00000000d5580000,0x00000000d5580000,0x00000000d7480000)
  from space 1536K, 98% used [0x00000000d7500000,0x00000000d7678ef8,0x00000000d7680000)
  to   space 9216K, 0% used [0x00000000d7d80000,0x00000000d7d80000,0x00000000d8680000)
 ParOldGen       total 89600K, used 89237K [0x0000000080000000, 0x0000000085780000, 0x00000000d5580000)
  object space 89600K, 99% used [0x0000000080000000,0x0000000085725538,0x0000000085780000)
}
Event: 568.857 {heap Before GC invocations=75 (full 3):
 PSYoungGen      total 33280K, used 33251K [0x00000000d5580000, 0x00000000d8680000, 0x0000000100000000)
  eden space 31744K, 100% used [0x00000000d5580000,0x00000000d7480000,0x00000000d7480000)
  from space 1536K, 98% used [0x00000000d7500000,0x00000000d7678ef8,0x00000000d7680000)
  to   space 9216K, 0% used [0x00000000d7d80000,0x00000000d7d80000,0x00000000d8680000)
 ParOldGen       total 89600K, used 89237K [0x0000000080000000, 0x0000000085780000, 0x00000000d5580000)
  object space 89600K, 99% used [0x0000000080000000,0x0000000085725538,0x0000000085780000)
}
Event: 568.868 {heap After GC invocations=75 (full 3):
 PSYoungGen      total 35840K, used 4450K [0x00000000d5580000, 0x00000000d8200000, 0x0000000100000000)
  eden space 31232K, 0% used [0x00000000d5580000,0x00000000d5580000,0x00000000d7400000)
  from space 4608K, 96% used [0x00000000d7d80000,0x00000000d81d8910,0x00000000d8200000)
  to   space 5632K, 0% used [0x00000000d7700000,0x00000000d7700000,0x00000000d7c80000)
 ParOldGen       total 90624K, used 90498K [0x0000000080000000, 0x0000000085880000, 0x00000000d5580000)
  object space 90624K, 99% used [0x0000000080000000,0x0000000085860a28,0x0000000085880000)
}
Event: 872.231 {heap Before GC invocations=76 (full 3):
 PSYoungGen      total 35840K, used 35682K [0x00000000d5580000, 0x00000000d8200000, 0x0000000100000000)
  eden space 31232K, 100% used [0x00000000d5580000,0x00000000d7400000,0x00000000d7400000)
  from space 4608K, 96% used [0x00000000d7d80000,0x00000000d81d8910,0x00000000d8200000)
  to   space 5632K, 0% used [0x00000000d7700000,0x00000000d7700000,0x00000000d7c80000)
 ParOldGen       total 90624K, used 90498K [0x0000000080000000, 0x0000000085880000, 0x00000000d5580000)
  object space 90624K, 99% used [0x0000000080000000,0x0000000085860a28,0x0000000085880000)
}
Event: 872.421 {heap After GC invocations=76 (full 3):
 PSYoungGen      total 32256K, used 1292K [0x00000000d5580000, 0x00000000d7e00000, 0x0000000100000000)
  eden space 30720K, 0% used [0x00000000d5580000,0x00000000d5580000,0x00000000d7380000)
  from space 1536K, 84% used [0x00000000d7700000,0x00000000d78431f0,0x00000000d7880000)
  to   space 3072K, 0% used [0x00000000d7b00000,0x00000000d7b00000,0x00000000d7e00000)
 ParOldGen       total 95232K, used 94764K [0x0000000080000000, 0x0000000085d00000, 0x00000000d5580000)
  object space 95232K, 99% used [0x0000000080000000,0x0000000085c8b2f8,0x0000000085d00000)
}
Event: 874.290 {heap Before GC invocations=77 (full 3):
 PSYoungGen      total 32256K, used 32012K [0x00000000d5580000, 0x00000000d7e00000, 0x0000000100000000)
  eden space 30720K, 100% used [0x00000000d5580000,0x00000000d7380000,0x00000000d7380000)
  from space 1536K, 84% used [0x00000000d7700000,0x00000000d78431f0,0x00000000d7880000)
  to   space 3072K, 0% used [0x00000000d7b00000,0x00000000d7b00000,0x00000000d7e00000)
 ParOldGen       total 95232K, used 94764K [0x0000000080000000, 0x0000000085d00000, 0x00000000d5580000)
  object space 95232K, 99% used [0x0000000080000000,0x0000000085c8b2f8,0x0000000085d00000)
}
Event: 874.298 {heap After GC invocations=77 (full 3):
 PSYoungGen      total 37376K, used 288K [0x00000000d5580000, 0x00000000d7b80000, 0x0000000100000000)
  eden space 36864K, 0% used [0x00000000d5580000,0x00000000d5580000,0x00000000d7980000)
  from space 512K, 56% used [0x00000000d7b00000,0x00000000d7b48020,0x00000000d7b80000)
  to   space 1024K, 0% used [0x00000000d7980000,0x00000000d7980000,0x00000000d7a80000)
 ParOldGen       total 95232K, used 95092K [0x0000000080000000, 0x0000000085d00000, 0x00000000d5580000)
  object space 95232K, 99% used [0x0000000080000000,0x0000000085cdd2f8,0x0000000085d00000)
}
Event: 874.660 {heap Before GC invocations=78 (full 3):
 PSYoungGen      total 37376K, used 35844K [0x00000000d5580000, 0x00000000d7b80000, 0x0000000100000000)
  eden space 36864K, 96% used [0x00000000d5580000,0x00000000d7838ff8,0x00000000d7980000)
  from space 512K, 56% used [0x00000000d7b00000,0x00000000d7b48020,0x00000000d7b80000)
  to   space 1024K, 0% used [0x00000000d7980000,0x00000000d7980000,0x00000000d7a80000)
 ParOldGen       total 95232K, used 95092K [0x0000000080000000, 0x0000000085d00000, 0x00000000d5580000)
  object space 95232K, 99% used [0x0000000080000000,0x0000000085cdd2f8,0x0000000085d00000)
}
Event: 874.665 {heap After GC invocations=78 (full 3):
 PSYoungGen      total 36864K, used 224K [0x00000000d5580000, 0x00000000d7b80000, 0x0000000100000000)
  eden space 35840K, 0% used [0x00000000d5580000,0x00000000d5580000,0x00000000d7880000)
  from space 1024K, 21% used [0x00000000d7980000,0x00000000d79b8000,0x00000000d7a80000)
  to   space 512K, 0% used [0x00000000d7b00000,0x00000000d7b00000,0x00000000d7b80000)
 ParOldGen       total 95232K, used 95228K [0x0000000080000000, 0x0000000085d00000, 0x00000000d5580000)
  object space 95232K, 99% used [0x0000000080000000,0x0000000085cff318,0x0000000085d00000)
}
Event: 892.213 {heap Before GC invocations=79 (full 3):
 PSYoungGen      total 36864K, used 36064K [0x00000000d5580000, 0x00000000d7b80000, 0x0000000100000000)
  eden space 35840K, 100% used [0x00000000d5580000,0x00000000d7880000,0x00000000d7880000)
  from space 1024K, 21% used [0x00000000d7980000,0x00000000d79b8000,0x00000000d7a80000)
  to   space 512K, 0% used [0x00000000d7b00000,0x00000000d7b00000,0x00000000d7b80000)
 ParOldGen       total 95232K, used 95228K [0x0000000080000000, 0x0000000085d00000, 0x00000000d5580000)
  object space 95232K, 99% used [0x0000000080000000,0x0000000085cff318,0x0000000085d00000)
}
Event: 892.216 {heap After GC invocations=79 (full 3):
 PSYoungGen      total 35328K, used 224K [0x00000000d5580000, 0x00000000d7b80000, 0x0000000100000000)
  eden space 34816K, 0% used [0x00000000d5580000,0x00000000d5580000,0x00000000d7780000)
  from space 512K, 43% used [0x00000000d7b00000,0x00000000d7b38020,0x00000000d7b80000)
  to   space 512K, 0% used [0x00000000d7a80000,0x00000000d7a80000,0x00000000d7b00000)
 ParOldGen       total 95744K, used 95244K [0x0000000080000000, 0x0000000085d80000, 0x00000000d5580000)
  object space 95744K, 99% used [0x0000000080000000,0x0000000085d03318,0x0000000085d80000)
}
Event: 57139.077 {heap Before GC invocations=80 (full 3):
 PSYoungGen      total 35328K, used 35040K [0x00000000d5580000, 0x00000000d7b80000, 0x0000000100000000)
  eden space 34816K, 99% used [0x00000000d5580000,0x00000000d777fff0,0x00000000d7780000)
  from space 512K, 43% used [0x00000000d7b00000,0x00000000d7b38020,0x00000000d7b80000)
  to   space 512K, 0% used [0x00000000d7a80000,0x00000000d7a80000,0x00000000d7b00000)
 ParOldGen       total 95744K, used 95244K [0x0000000080000000, 0x0000000085d80000, 0x00000000d5580000)
  object space 95744K, 99% used [0x0000000080000000,0x0000000085d03318,0x0000000085d80000)
}
Event: 57139.324 {heap After GC invocations=80 (full 3):
 PSYoungGen      total 34816K, used 64K [0x00000000d5580000, 0x00000000d7b80000, 0x0000000100000000)
  eden space 34304K, 0% used [0x00000000d5580000,0x00000000d5580000,0x00000000d7700000)
  from space 512K, 12% used [0x00000000d7a80000,0x00000000d7a90000,0x00000000d7b00000)
  to   space 512K, 0% used [0x00000000d7b00000,0x00000000d7b00000,0x00000000d7b80000)
 ParOldGen       total 95744K, used 95281K [0x0000000080000000, 0x0000000085d80000, 0x00000000d5580000)
  object space 95744K, 99% used [0x0000000080000000,0x0000000085d0c738,0x0000000085d80000)
}
Event: 249408.488 {heap Before GC invocations=81 (full 3):
 PSYoungGen      total 34816K, used 34368K [0x00000000d5580000, 0x00000000d7b80000, 0x0000000100000000)
  eden space 34304K, 100% used [0x00000000d5580000,0x00000000d7700000,0x00000000d7700000)
  from space 512K, 12% used [0x00000000d7a80000,0x00000000d7a90000,0x00000000d7b00000)
  to   space 512K, 0% used [0x00000000d7b00000,0x00000000d7b00000,0x00000000d7b80000)
 ParOldGen       total 95744K, used 95281K [0x0000000080000000, 0x0000000085d80000, 0x00000000d5580000)
  object space 95744K, 99% used [0x0000000080000000,0x0000000085d0c738,0x0000000085d80000)
}
Event: 249408.566 {heap After GC invocations=81 (full 3):
 PSYoungGen      total 34304K, used 64K [0x00000000d5580000, 0x00000000d7b80000, 0x0000000100000000)
  eden space 33792K, 0% used [0x00000000d5580000,0x00000000d5580000,0x00000000d7680000)
  from space 512K, 12% used [0x00000000d7b00000,0x00000000d7b10000,0x00000000d7b80000)
  to   space 512K, 0% used [0x00000000d7a80000,0x00000000d7a80000,0x00000000d7b00000)
 ParOldGen       total 95744K, used 95297K [0x0000000080000000, 0x0000000085d80000, 0x00000000d5580000)
  object space 95744K, 99% used [0x0000000080000000,0x0000000085d10738,0x0000000085d80000)
}

