# JRE version: Java(TM) SE Runtime Environment (25.0.4+7) (build 25.0.4+7-LTS-189)
# Java VM: Java HotSpot(TM) 64-Bit Server VM (25.0.4+7-LTS-189, mixed mode, sharing, tiered, compressed oops, compressed class ptrs, parallel gc, windows-amd64)
GC Precious Log:
 CardTable entry size: 512
 CPUs: 2 total, 2 available
 Memory: 3885M
 Large Page Support: Disabled
 NUMA Support: Disabled
 Compressed Oops: Enabled (32-bit)
 Alignments: Space 512K, Generation 512K, Heap 2M
 Heap Min Capacity: 100M
 Heap Initial Capacity: 100M
 Heap Max Capacity: 2G
 Pre-touch: Disabled
 Parallel Workers: 2
Heap:
 PSYoungGen      total 30208K, used 11509K [0x00000000d5580000, 0x00000000d7680000, 0x0000000100000000)
  eden space 29696K, 37% used [0x00000000d5580000,0x00000000d6045558,0x00000000d7280000)
  from space 512K, 93% used [0x00000000d7600000,0x00000000d7678000,0x00000000d7680000)
  to   space 2048K, 0% used [0x00000000d7280000,0x00000000d7280000,0x00000000d7480000)
 ParOldGen       total 68608K, used 42115K [0x0000000080000000, 0x0000000084300000, 0x00000000d5580000)
  object space 68608K, 61% used [0x0000000080000000,0x0000000082920e20,0x0000000084300000)
GC Heap Usage History (20 events):
Event: 72.510 {heap Before GC invocations=15 (full 2):
 PSYoungGen      total 31744K, used 31648K [0x00000000d5580000, 0x00000000d7680000, 0x0000000100000000)
  eden space 29696K, 100% used [0x00000000d5580000,0x00000000d7280000,0x00000000d7280000)
  from space 2048K, 95% used [0x00000000d7480000,0x00000000d76681e8,0x00000000d7680000)
  to   space 2048K, 0% used [0x00000000d7280000,0x00000000d7280000,0x00000000d7480000)
 ParOldGen       total 68608K, used 19700K [0x0000000080000000, 0x0000000084300000, 0x00000000d5580000)
  object space 68608K, 28% used [0x0000000080000000,0x000000008133d268,0x0000000084300000)
}
Event: 72.522 {heap After GC invocations=15 (full 2):
 PSYoungGen      total 31232K, used 2018K [0x00000000d5580000, 0x00000000d7c00000, 0x0000000100000000)
  eden space 29184K, 0% used [0x00000000d5580000,0x00000000d5580000,0x00000000d7200000)
  from space 2048K, 98% used [0x00000000d7280000,0x00000000d7478810,0x00000000d7480000)
  to   space 5120K, 0% used [0x00000000d7700000,0x00000000d7700000,0x00000000d7c00000)
 ParOldGen       total 68608K, used 21982K [0x0000000080000000, 0x0000000084300000, 0x00000000d5580000)
  object space 68608K, 32% used [0x0000000080000000,0x0000000081577a30,0x0000000084300000)
}
Event: 73.058 {heap Before GC invocations=16 (full 2):
 PSYoungGen      total 31232K, used 31202K [0x00000000d5580000, 0x00000000d7c00000, 0x0000000100000000)
  eden space 29184K, 100% used [0x00000000d5580000,0x00000000d7200000,0x00000000d7200000)
  from space 2048K, 98% used [0x00000000d7280000,0x00000000d7478810,0x00000000d7480000)
  to   space 5120K, 0% used [0x00000000d7700000,0x00000000d7700000,0x00000000d7c00000)
 ParOldGen       total 68608K, used 21982K [0x0000000080000000, 0x0000000084300000, 0x00000000d5580000)
  object space 68608K, 32% used [0x0000000080000000,0x0000000081577a30,0x0000000084300000)
}
Event: 73.071 {heap After GC invocations=16 (full 2):
 PSYoungGen      total 31232K, used 2048K [0x00000000d5580000, 0x00000000d7980000, 0x0000000100000000)
  eden space 28672K, 0% used [0x00000000d5580000,0x00000000d5580000,0x00000000d7180000)
  from space 2560K, 80% used [0x00000000d7700000,0x00000000d7900020,0x00000000d7980000)
  to   space 3072K, 0% used [0x00000000d7380000,0x00000000d7380000,0x00000000d7680000)
 ParOldGen       total 68608K, used 23936K [0x0000000080000000, 0x0000000084300000, 0x00000000d5580000)
  object space 68608K, 34% used [0x0000000080000000,0x0000000081760230,0x0000000084300000)
}
Event: 73.525 {heap Before GC invocations=17 (full 2):
 PSYoungGen      total 31232K, used 30720K [0x00000000d5580000, 0x00000000d7980000, 0x0000000100000000)
  eden space 28672K, 100% used [0x00000000d5580000,0x00000000d7180000,0x00000000d7180000)
  from space 2560K, 80% used [0x00000000d7700000,0x00000000d7900020,0x00000000d7980000)
  to   space 3072K, 0% used [0x00000000d7380000,0x00000000d7380000,0x00000000d7680000)
 ParOldGen       total 68608K, used 23936K [0x0000000080000000, 0x0000000084300000, 0x00000000d5580000)
  object space 68608K, 34% used [0x0000000080000000,0x0000000081760230,0x0000000084300000)
}
Event: 73.551 {heap After GC invocations=17 (full 2):
 PSYoungGen      total 33280K, used 2395K [0x00000000d5580000, 0x00000000d7780000, 0x0000000100000000)
  eden space 30720K, 0% used [0x00000000d5580000,0x00000000d5580000,0x00000000d7380000)
  from space 2560K, 93% used [0x00000000d7380000,0x00000000d75d6d68,0x00000000d7600000)
  to   space 1536K, 0% used [0x00000000d7600000,0x00000000d7600000,0x00000000d7780000)
 ParOldGen       total 68608K, used 25880K [0x0000000080000000, 0x0000000084300000, 0x00000000d5580000)
  object space 68608K, 37% used [0x0000000080000000,0x0000000081946278,0x0000000084300000)
}
Event: 74.800 {heap Before GC invocations=18 (full 2):
 PSYoungGen      total 33280K, used 33115K [0x00000000d5580000, 0x00000000d7780000, 0x0000000100000000)
  eden space 30720K, 100% used [0x00000000d5580000,0x00000000d7380000,0x00000000d7380000)
  from space 2560K, 93% used [0x00000000d7380000,0x00000000d75d6d68,0x00000000d7600000)
  to   space 1536K, 0% used [0x00000000d7600000,0x00000000d7600000,0x00000000d7780000)
 ParOldGen       total 68608K, used 25880K [0x0000000080000000, 0x0000000084300000, 0x00000000d5580000)
  object space 68608K, 37% used [0x0000000080000000,0x0000000081946278,0x0000000084300000)
}
Event: 74.814 {heap After GC invocations=18 (full 2):
 PSYoungGen      total 28160K, used 1508K [0x00000000d5580000, 0x00000000d8000000, 0x0000000100000000)
  eden space 26624K, 0% used [0x00000000d5580000,0x00000000d5580000,0x00000000d6f80000)
  from space 1536K, 98% used [0x00000000d7600000,0x00000000d7779000,0x00000000d7780000)
  to   space 6656K, 0% used [0x00000000d6f80000,0x00000000d6f80000,0x00000000d7600000)
 ParOldGen       total 68608K, used 30018K [0x0000000080000000, 0x0000000084300000, 0x00000000d5580000)
  object space 68608K, 43% used [0x0000000080000000,0x0000000081d50bf8,0x0000000084300000)
}
Event: 76.410 {heap Before GC invocations=19 (full 2):
 PSYoungGen      total 28160K, used 28132K [0x00000000d5580000, 0x00000000d8000000, 0x0000000100000000)
  eden space 26624K, 100% used [0x00000000d5580000,0x00000000d6f80000,0x00000000d6f80000)
  from space 1536K, 98% used [0x00000000d7600000,0x00000000d7779000,0x00000000d7780000)
  to   space 6656K, 0% used [0x00000000d6f80000,0x00000000d6f80000,0x00000000d7600000)
 ParOldGen       total 68608K, used 30018K [0x0000000080000000, 0x0000000084300000, 0x00000000d5580000)
  object space 68608K, 43% used [0x0000000080000000,0x0000000081d50bf8,0x0000000084300000)
}
Event: 76.421 {heap After GC invocations=19 (full 2):
 PSYoungGen      total 28672K, used 2528K [0x00000000d5580000, 0x00000000d7700000, 0x0000000100000000)
  eden space 26112K, 0% used [0x00000000d5580000,0x00000000d5580000,0x00000000d6f00000)
  from space 2560K, 98% used [0x00000000d6f80000,0x00000000d71f8010,0x00000000d7200000)
  to   space 4096K, 0% used [0x00000000d7300000,0x00000000d7300000,0x00000000d7700000)
 ParOldGen       total 68608K, used 31532K [0x0000000080000000, 0x0000000084300000, 0x00000000d5580000)
  object space 68608K, 45% used [0x0000000080000000,0x0000000081ecb310,0x0000000084300000)
}
Event: 77.109 {heap Before GC invocations=20 (full 2):
 PSYoungGen      total 28672K, used 28640K [0x00000000d5580000, 0x00000000d7700000, 0x0000000100000000)
  eden space 26112K, 100% used [0x00000000d5580000,0x00000000d6f00000,0x00000000d6f00000)
  from space 2560K, 98% used [0x00000000d6f80000,0x00000000d71f8010,0x00000000d7200000)
  to   space 4096K, 0% used [0x00000000d7300000,0x00000000d7300000,0x00000000d7700000)
 ParOldGen       total 68608K, used 31532K [0x0000000080000000, 0x0000000084300000, 0x00000000d5580000)
  object space 68608K, 45% used [0x0000000080000000,0x0000000081ecb310,0x0000000084300000)
}
Event: 77.121 {heap After GC invocations=20 (full 2):
 PSYoungGen      total 30720K, used 2296K [0x00000000d5580000, 0x00000000d7680000, 0x0000000100000000)
  eden space 27136K, 0% used [0x00000000d5580000,0x00000000d5580000,0x00000000d7000000)
  from space 3584K, 64% used [0x00000000d7300000,0x00000000d753e200,0x00000000d7680000)
  to   space 3072K, 0% used [0x00000000d7000000,0x00000000d7000000,0x00000000d7300000)
 ParOldGen       total 68608K, used 34012K [0x0000000080000000, 0x0000000084300000, 0x00000000d5580000)
  object space 68608K, 49% used [0x0000000080000000,0x0000000082137050,0x0000000084300000)
}
Event: 80.154 {heap Before GC invocations=21 (full 2):
 PSYoungGen      total 30720K, used 29432K [0x00000000d5580000, 0x00000000d7680000, 0x0000000100000000)
  eden space 27136K, 100% used [0x00000000d5580000,0x00000000d7000000,0x00000000d7000000)
  from space 3584K, 64% used [0x00000000d7300000,0x00000000d753e200,0x00000000d7680000)
  to   space 3072K, 0% used [0x00000000d7000000,0x00000000d7000000,0x00000000d7300000)
 ParOldGen       total 68608K, used 34012K [0x0000000080000000, 0x0000000084300000, 0x00000000d5580000)
  object space 68608K, 49% used [0x0000000080000000,0x0000000082137050,0x0000000084300000)
}
Event: 80.171 {heap After GC invocations=21 (full 2):
 PSYoungGen      total 30208K, used 2247K [0x00000000d5580000, 0x00000000d7680000, 0x0000000100000000)
  eden space 27136K, 0% used [0x00000000d5580000,0x00000000d5580000,0x00000000d7000000)
  from space 3072K, 73% used [0x00000000d7000000,0x00000000d7231d10,0x00000000d7300000)
  to   space 2560K, 0% used [0x00000000d7400000,0x00000000d7400000,0x00000000d7680000)
 ParOldGen       total 68608K, used 36252K [0x0000000080000000, 0x0000000084300000, 0x00000000d5580000)
  object space 68608K, 52% used [0x0000000080000000,0x0000000082367250,0x0000000084300000)
}
Event: 83.103 {heap Before GC invocations=22 (full 2):
 PSYoungGen      total 30208K, used 29383K [0x00000000d5580000, 0x00000000d7680000, 0x0000000100000000)
  eden space 27136K, 100% used [0x00000000d5580000,0x00000000d7000000,0x00000000d7000000)
  from space 3072K, 73% used [0x00000000d7000000,0x00000000d7231d10,0x00000000d7300000)
  to   space 2560K, 0% used [0x00000000d7400000,0x00000000d7400000,0x00000000d7680000)
 ParOldGen       total 68608K, used 36252K [0x0000000080000000, 0x0000000084300000, 0x00000000d5580000)
  object space 68608K, 52% used [0x0000000080000000,0x0000000082367250,0x0000000084300000)
}
Event: 83.117 {heap After GC invocations=22 (full 2):
 PSYoungGen      total 31744K, used 1346K [0x00000000d5580000, 0x00000000d7680000, 0x0000000100000000)
  eden space 29184K, 0% used [0x00000000d5580000,0x00000000d5580000,0x00000000d7200000)
  from space 2560K, 52% used [0x00000000d7400000,0x00000000d7550970,0x00000000d7680000)
  to   space 2048K, 0% used [0x00000000d7200000,0x00000000d7200000,0x00000000d7400000)
 ParOldGen       total 68608K, used 38361K [0x0000000080000000, 0x0000000084300000, 0x00000000d5580000)
  object space 68608K, 55% used [0x0000000080000000,0x0000000082576610,0x0000000084300000)
}
Event: 86.011 {heap Before GC invocations=23 (full 2):
 PSYoungGen      total 31744K, used 30530K [0x00000000d5580000, 0x00000000d7680000, 0x0000000100000000)
  eden space 29184K, 100% used [0x00000000d5580000,0x00000000d7200000,0x00000000d7200000)
  from space 2560K, 52% used [0x00000000d7400000,0x00000000d7550970,0x00000000d7680000)
  to   space 2048K, 0% used [0x00000000d7200000,0x00000000d7200000,0x00000000d7400000)
 ParOldGen       total 68608K, used 38361K [0x0000000080000000, 0x0000000084300000, 0x00000000d5580000)
  object space 68608K, 55% used [0x0000000080000000,0x0000000082576610,0x0000000084300000)
}
Event: 86.021 {heap After GC invocations=23 (full 2):
 PSYoungGen      total 30720K, used 2048K [0x00000000d5580000, 0x00000000d7a80000, 0x0000000100000000)
  eden space 28672K, 0% used [0x00000000d5580000,0x00000000d5580000,0x00000000d7180000)
  from space 2048K, 100% used [0x00000000d7200000,0x00000000d7400000,0x00000000d7400000)
  to   space 4608K, 0% used [0x00000000d7600000,0x00000000d7600000,0x00000000d7a80000)
 ParOldGen       total 68608K, used 40115K [0x0000000080000000, 0x0000000084300000, 0x00000000d5580000)
  object space 68608K, 58% used [0x0000000080000000,0x000000008272ce00,0x0000000084300000)
}
Event: 90.971 {heap Before GC invocations=24 (full 2):
 PSYoungGen      total 30720K, used 30720K [0x00000000d5580000, 0x00000000d7a80000, 0x0000000100000000)
  eden space 28672K, 100% used [0x00000000d5580000,0x00000000d7180000,0x00000000d7180000)
  from space 2048K, 100% used [0x00000000d7200000,0x00000000d7400000,0x00000000d7400000)
  to   space 4608K, 0% used [0x00000000d7600000,0x00000000d7600000,0x00000000d7a80000)
 ParOldGen       total 68608K, used 40115K [0x0000000080000000, 0x0000000084300000, 0x00000000d5580000)
  object space 68608K, 58% used [0x0000000080000000,0x000000008272ce00,0x0000000084300000)
}
Event: 90.981 {heap After GC invocations=24 (full 2):
 PSYoungGen      total 30208K, used 480K [0x00000000d5580000, 0x00000000d7680000, 0x0000000100000000)
  eden space 29696K, 0% used [0x00000000d5580000,0x00000000d5580000,0x00000000d7280000)
  from space 512K, 93% used [0x00000000d7600000,0x00000000d7678000,0x00000000d7680000)
  to   space 2048K, 0% used [0x00000000d7280000,0x00000000d7280000,0x00000000d7480000)
 ParOldGen       total 68608K, used 42115K [0x0000000080000000, 0x0000000084300000, 0x00000000d5580000)
  object space 68608K, 61% used [0x0000000080000000,0x0000000082920e20,0x0000000084300000)
}

